2022-07-1810:52:20.285 INFO [main][hooks.Hooks.openBrowserAndUrl(Hooks.java:48)]-Invoking the browser
2022-07-1810:52:43.144 INFO [main][hooks.Hooks.openBrowserAndUrl(Hooks.java:52)]-url opened
2022-07-1810:52:43.223 INFO [main][commonMethods.SeleniumSpecificMethods.validate_PageTitle(SeleniumSpecificMethods.java:54)]-page title validated
2022-07-1810:52:44.501 INFO [main][commonMethods.SeleniumSpecificMethods.click(SeleniumSpecificMethods.java:128)]-clicked on the link Selenium Example Page
2022-07-1810:52:44.731 INFO [main][commonMethods.SeleniumSpecificMethods.validate_PageTitle(SeleniumSpecificMethods.java:54)]-page title validated
2022-07-1810:52:48.044 INFO [main][commonMethods.SeleniumSpecificMethods.click(SeleniumSpecificMethods.java:128)]-clicked on the link 
2022-07-1810:52:48.672 INFO [main][hooks.Hooks.openBrowserAndUrl(Hooks.java:48)]-Invoking the browser
2022-07-1810:52:51.703 INFO [main][hooks.Hooks.openBrowserAndUrl(Hooks.java:52)]-url opened
2022-07-1810:52:51.727 INFO [main][commonMethods.SeleniumSpecificMethods.validate_PageTitle(SeleniumSpecificMethods.java:54)]-page title validated
2022-07-1810:52:52.211 INFO [main][commonMethods.SeleniumSpecificMethods.click(SeleniumSpecificMethods.java:128)]-clicked on the link Selenium Example Page
2022-07-1810:52:52.393 INFO [main][commonMethods.SeleniumSpecificMethods.validate_PageTitle(SeleniumSpecificMethods.java:54)]-page title validated
2022-07-1810:52:53.476 INFO [main][commonMethods.SeleniumSpecificMethods.click(SeleniumSpecificMethods.java:128)]-clicked on the link 
2022-07-1810:52:54.042 INFO [main][hooks.Hooks.openBrowserAndUrl(Hooks.java:48)]-Invoking the browser
2022-07-1810:52:56.543 INFO [main][hooks.Hooks.openBrowserAndUrl(Hooks.java:52)]-url opened
2022-07-1810:52:56.566 INFO [main][commonMethods.SeleniumSpecificMethods.validate_PageTitle(SeleniumSpecificMethods.java:54)]-page title validated
2022-07-1810:52:57.042 INFO [main][commonMethods.SeleniumSpecificMethods.click(SeleniumSpecificMethods.java:128)]-clicked on the link Selenium Example Page
2022-07-1810:52:57.243 INFO [main][commonMethods.SeleniumSpecificMethods.validate_PageTitle(SeleniumSpecificMethods.java:54)]-page title validated
2022-07-1810:52:58.005 INFO [main][commonMethods.SeleniumSpecificMethods.click(SeleniumSpecificMethods.java:128)]-clicked on the link 
2022-07-1810:55:47.918 INFO [main][hooks.Hooks.openBrowserAndUrl(Hooks.java:48)]-Invoking the browser
2022-07-1810:55:54.942 INFO [main][hooks.Hooks.openBrowserAndUrl(Hooks.java:52)]-url opened
2022-07-1810:55:54.987 INFO [main][commonMethods.SeleniumSpecificMethods.validate_PageTitle(SeleniumSpecificMethods.java:54)]-page title validated
2022-07-1810:55:55.745 INFO [main][commonMethods.SeleniumSpecificMethods.click(SeleniumSpecificMethods.java:128)]-clicked on the link Selenium Example Page
2022-07-1810:55:55.937 INFO [main][commonMethods.SeleniumSpecificMethods.validate_PageTitle(SeleniumSpecificMethods.java:54)]-page title validated
2022-07-1810:55:57.853 INFO [main][commonMethods.SeleniumSpecificMethods.click(SeleniumSpecificMethods.java:128)]-clicked on the link 
2022-07-1810:55:58.393 INFO [main][hooks.Hooks.openBrowserAndUrl(Hooks.java:48)]-Invoking the browser
2022-07-1810:56:01.650 INFO [main][hooks.Hooks.openBrowserAndUrl(Hooks.java:52)]-url opened
2022-07-1810:56:01.668 INFO [main][commonMethods.SeleniumSpecificMethods.validate_PageTitle(SeleniumSpecificMethods.java:54)]-page title validated
2022-07-1810:56:02.124 INFO [main][commonMethods.SeleniumSpecificMethods.click(SeleniumSpecificMethods.java:128)]-clicked on the link Selenium Example Page
2022-07-1810:56:02.291 INFO [main][commonMethods.SeleniumSpecificMethods.validate_PageTitle(SeleniumSpecificMethods.java:54)]-page title validated
2022-07-1810:56:03.626 INFO [main][commonMethods.SeleniumSpecificMethods.click(SeleniumSpecificMethods.java:128)]-clicked on the link 
2022-07-1810:56:03.910 INFO [main][hooks.Hooks.openBrowserAndUrl(Hooks.java:48)]-Invoking the browser
2022-07-1810:56:06.451 INFO [main][hooks.Hooks.openBrowserAndUrl(Hooks.java:52)]-url opened
2022-07-1810:56:06.467 INFO [main][commonMethods.SeleniumSpecificMethods.validate_PageTitle(SeleniumSpecificMethods.java:54)]-page title validated
2022-07-1810:56:06.949 INFO [main][commonMethods.SeleniumSpecificMethods.click(SeleniumSpecificMethods.java:128)]-clicked on the link Selenium Example Page
2022-07-1810:56:07.159 INFO [main][commonMethods.SeleniumSpecificMethods.validate_PageTitle(SeleniumSpecificMethods.java:54)]-page title validated
2022-07-1810:56:08.063 INFO [main][commonMethods.SeleniumSpecificMethods.click(SeleniumSpecificMethods.java:128)]-clicked on the link 
18-07-2022---11:00:16.991 INFO [main][hooks.Hooks.openBrowserAndUrl(Hooks.java:48)]-Invoking the browser
18-07-2022---11:00:26.314 INFO [main][hooks.Hooks.openBrowserAndUrl(Hooks.java:52)]-url opened
18-07-2022---11:00:26.360 INFO [main][commonMethods.SeleniumSpecificMethods.validate_PageTitle(SeleniumSpecificMethods.java:54)]-page title validated
18-07-2022---11:00:27.294 INFO [main][commonMethods.SeleniumSpecificMethods.click(SeleniumSpecificMethods.java:128)]-clicked on the link Selenium Example Page
18-07-2022---11:00:27.557 INFO [main][commonMethods.SeleniumSpecificMethods.validate_PageTitle(SeleniumSpecificMethods.java:54)]-page title validated
18-07-2022---11:00:29.722 INFO [main][commonMethods.SeleniumSpecificMethods.click(SeleniumSpecificMethods.java:128)]-clicked on the link 
18-07-2022---11:00:30.277 INFO [main][hooks.Hooks.openBrowserAndUrl(Hooks.java:48)]-Invoking the browser
18-07-2022---11:00:32.859 INFO [main][hooks.Hooks.openBrowserAndUrl(Hooks.java:52)]-url opened
18-07-2022---11:00:32.880 INFO [main][commonMethods.SeleniumSpecificMethods.validate_PageTitle(SeleniumSpecificMethods.java:54)]-page title validated
18-07-2022---11:00:34.003 INFO [main][commonMethods.SeleniumSpecificMethods.click(SeleniumSpecificMethods.java:128)]-clicked on the link Selenium Example Page
18-07-2022---11:00:34.193 INFO [main][commonMethods.SeleniumSpecificMethods.validate_PageTitle(SeleniumSpecificMethods.java:54)]-page title validated
18-07-2022---11:00:35.000 INFO [main][commonMethods.SeleniumSpecificMethods.click(SeleniumSpecificMethods.java:128)]-clicked on the link 
18-07-2022---11:00:35.309 INFO [main][hooks.Hooks.openBrowserAndUrl(Hooks.java:48)]-Invoking the browser
18-07-2022---11:00:38.632 INFO [main][hooks.Hooks.openBrowserAndUrl(Hooks.java:52)]-url opened
18-07-2022---11:00:38.650 INFO [main][commonMethods.SeleniumSpecificMethods.validate_PageTitle(SeleniumSpecificMethods.java:54)]-page title validated
18-07-2022---11:00:39.052 INFO [main][commonMethods.SeleniumSpecificMethods.click(SeleniumSpecificMethods.java:128)]-clicked on the link Selenium Example Page
18-07-2022---11:00:39.225 INFO [main][commonMethods.SeleniumSpecificMethods.validate_PageTitle(SeleniumSpecificMethods.java:54)]-page title validated
18-07-2022---11:00:40.641 INFO [main][commonMethods.SeleniumSpecificMethods.click(SeleniumSpecificMethods.java:128)]-clicked on the link 
18-07-2022---11:05:32.687 INFO [main][hooks.Hooks.openBrowserAndUrl(Hooks.java:48)]-Invoking the browser
18-07-2022---11:05:41.206 INFO [main][hooks.Hooks.openBrowserAndUrl(Hooks.java:52)]-url opened
18-07-2022---11:05:41.253 INFO [main][commonMethods.SeleniumSpecificMethods.validate_PageTitle(SeleniumSpecificMethods.java:54)]-page title validated
18-07-2022---11:05:41.795 INFO [main][commonMethods.SeleniumSpecificMethods.click(SeleniumSpecificMethods.java:128)]-clicked on the link Selenium Example Page
18-07-2022---11:05:41.966 INFO [main][commonMethods.SeleniumSpecificMethods.validate_PageTitle(SeleniumSpecificMethods.java:54)]-page title validated
18-07-2022---11:05:43.930 INFO [main][commonMethods.SeleniumSpecificMethods.click(SeleniumSpecificMethods.java:128)]-clicked on the link 
18-07-2022---11:05:45.396 INFO [main][hooks.Hooks.openBrowserAndUrl(Hooks.java:48)]-Invoking the browser
18-07-2022---11:05:51.912 INFO [main][hooks.Hooks.openBrowserAndUrl(Hooks.java:52)]-url opened
18-07-2022---11:05:51.930 INFO [main][commonMethods.SeleniumSpecificMethods.validate_PageTitle(SeleniumSpecificMethods.java:54)]-page title validated
18-07-2022---11:05:52.355 INFO [main][commonMethods.SeleniumSpecificMethods.click(SeleniumSpecificMethods.java:128)]-clicked on the link Selenium Example Page
18-07-2022---11:05:52.580 INFO [main][commonMethods.SeleniumSpecificMethods.validate_PageTitle(SeleniumSpecificMethods.java:54)]-page title validated
18-07-2022---11:05:53.444 INFO [main][commonMethods.SeleniumSpecificMethods.click(SeleniumSpecificMethods.java:128)]-clicked on the link 
18-07-2022---11:05:53.862 INFO [main][hooks.Hooks.openBrowserAndUrl(Hooks.java:48)]-Invoking the browser
18-07-2022---11:05:58.668 INFO [main][hooks.Hooks.openBrowserAndUrl(Hooks.java:52)]-url opened
18-07-2022---11:05:58.683 INFO [main][commonMethods.SeleniumSpecificMethods.validate_PageTitle(SeleniumSpecificMethods.java:54)]-page title validated
18-07-2022---11:06:00.135 INFO [main][commonMethods.SeleniumSpecificMethods.click(SeleniumSpecificMethods.java:128)]-clicked on the link Selenium Example Page
18-07-2022---11:06:00.295 INFO [main][commonMethods.SeleniumSpecificMethods.validate_PageTitle(SeleniumSpecificMethods.java:54)]-page title validated
18-07-2022---11:06:01.195 INFO [main][commonMethods.SeleniumSpecificMethods.click(SeleniumSpecificMethods.java:128)]-clicked on the link 
18-07-2022---11:18:14.222 INFO [main][hooks.Hooks.openBrowserAndUrl(Hooks.java:48)]-Invoking the browser
18-07-2022---11:18:24.889 INFO [main][hooks.Hooks.openBrowserAndUrl(Hooks.java:52)]-url opened
18-07-2022---11:18:24.965 INFO [main][commonMethods.SeleniumSpecificMethods.validate_PageTitle(SeleniumSpecificMethods.java:54)]-page title validated
18-07-2022---11:18:25.986 INFO [main][commonMethods.SeleniumSpecificMethods.click(SeleniumSpecificMethods.java:128)]-clicked on the link Selenium Example Page
18-07-2022---11:18:27.111 INFO [main][hooks.Hooks.openBrowserAndUrl(Hooks.java:48)]-Invoking the browser
18-07-2022---11:18:31.112 INFO [main][hooks.Hooks.openBrowserAndUrl(Hooks.java:52)]-url opened
18-07-2022---11:18:31.131 INFO [main][commonMethods.SeleniumSpecificMethods.validate_PageTitle(SeleniumSpecificMethods.java:54)]-page title validated
18-07-2022---11:18:32.283 INFO [main][commonMethods.SeleniumSpecificMethods.click(SeleniumSpecificMethods.java:128)]-clicked on the link Selenium Example Page
18-07-2022---11:18:32.909 INFO [main][hooks.Hooks.openBrowserAndUrl(Hooks.java:48)]-Invoking the browser
18-07-2022---11:18:36.754 INFO [main][hooks.Hooks.openBrowserAndUrl(Hooks.java:52)]-url opened
18-07-2022---11:18:36.767 INFO [main][commonMethods.SeleniumSpecificMethods.validate_PageTitle(SeleniumSpecificMethods.java:54)]-page title validated
18-07-2022---11:18:37.234 INFO [main][commonMethods.SeleniumSpecificMethods.click(SeleniumSpecificMethods.java:128)]-clicked on the link Selenium Example Page
18-07-2022---11:46:53.528 INFO [main][hooks.Hooks.openBrowserAndUrl(Hooks.java:48)]-Invoking the browser
18-07-2022---11:47:14.541 INFO [main][hooks.Hooks.openBrowserAndUrl(Hooks.java:52)]-url opened
18-07-2022---11:47:14.673 INFO [main][commonMethods.SeleniumSpecificMethods.validate_PageTitle(SeleniumSpecificMethods.java:54)]-page title validated
18-07-2022---11:47:16.701 INFO [main][commonMethods.SeleniumSpecificMethods.click(SeleniumSpecificMethods.java:128)]-clicked on the link Selenium Example Page
18-07-2022---11:47:18.158 INFO [main][hooks.Hooks.openBrowserAndUrl(Hooks.java:48)]-Invoking the browser
18-07-2022---11:47:22.169 INFO [main][hooks.Hooks.openBrowserAndUrl(Hooks.java:52)]-url opened
18-07-2022---11:47:22.189 INFO [main][commonMethods.SeleniumSpecificMethods.validate_PageTitle(SeleniumSpecificMethods.java:54)]-page title validated
18-07-2022---11:47:22.683 INFO [main][commonMethods.SeleniumSpecificMethods.click(SeleniumSpecificMethods.java:128)]-clicked on the link Selenium Example Page
18-07-2022---11:47:23.386 INFO [main][hooks.Hooks.openBrowserAndUrl(Hooks.java:48)]-Invoking the browser
18-07-2022---11:47:29.117 INFO [main][hooks.Hooks.openBrowserAndUrl(Hooks.java:52)]-url opened
18-07-2022---11:47:29.143 INFO [main][commonMethods.SeleniumSpecificMethods.validate_PageTitle(SeleniumSpecificMethods.java:54)]-page title validated
18-07-2022---11:47:29.685 INFO [main][commonMethods.SeleniumSpecificMethods.click(SeleniumSpecificMethods.java:128)]-clicked on the link Selenium Example Page
18-07-2022---12:00:39.900 INFO [main][hooks.Hooks.openBrowserAndUrl(Hooks.java:48)]-Invoking the browser
18-07-2022---12:00:58.840 INFO [main][hooks.Hooks.openBrowserAndUrl(Hooks.java:52)]-url opened
18-07-2022---12:00:58.931 INFO [main][commonMethods.SeleniumSpecificMethods.validate_PageTitle(SeleniumSpecificMethods.java:54)]-page title validated
18-07-2022---12:00:59.726 INFO [main][hooks.Hooks.openBrowserAndUrl(Hooks.java:48)]-Invoking the browser
18-07-2022---12:01:05.715 INFO [main][hooks.Hooks.openBrowserAndUrl(Hooks.java:52)]-url opened
18-07-2022---12:01:05.740 INFO [main][commonMethods.SeleniumSpecificMethods.validate_PageTitle(SeleniumSpecificMethods.java:54)]-page title validated
18-07-2022---12:01:06.228 INFO [main][hooks.Hooks.openBrowserAndUrl(Hooks.java:48)]-Invoking the browser
18-07-2022---12:01:11.062 INFO [main][hooks.Hooks.openBrowserAndUrl(Hooks.java:52)]-url opened
18-07-2022---12:01:11.081 INFO [main][commonMethods.SeleniumSpecificMethods.validate_PageTitle(SeleniumSpecificMethods.java:54)]-page title validated
18-07-2022---12:07:29.693 INFO [main][hooks.Hooks.openBrowserAndUrl(Hooks.java:48)]-Invoking the browser
18-07-2022---12:07:45.817 INFO [main][hooks.Hooks.openBrowserAndUrl(Hooks.java:52)]-url opened
18-07-2022---12:07:46.085 INFO [main][commonMethods.SeleniumSpecificMethods.validate_PageTitle(SeleniumSpecificMethods.java:54)]-page title validated
18-07-2022---12:07:47.094 INFO [main][commonMethods.SeleniumSpecificMethods.click(SeleniumSpecificMethods.java:128)]-clicked on the link Selenium Example Page
18-07-2022---12:07:48.295 INFO [main][hooks.Hooks.openBrowserAndUrl(Hooks.java:48)]-Invoking the browser
18-07-2022---12:07:52.318 INFO [main][hooks.Hooks.openBrowserAndUrl(Hooks.java:52)]-url opened
18-07-2022---12:07:52.347 INFO [main][commonMethods.SeleniumSpecificMethods.validate_PageTitle(SeleniumSpecificMethods.java:54)]-page title validated
18-07-2022---12:07:52.792 INFO [main][commonMethods.SeleniumSpecificMethods.click(SeleniumSpecificMethods.java:128)]-clicked on the link Selenium Example Page
18-07-2022---12:07:53.546 INFO [main][hooks.Hooks.openBrowserAndUrl(Hooks.java:48)]-Invoking the browser
18-07-2022---12:07:57.478 INFO [main][hooks.Hooks.openBrowserAndUrl(Hooks.java:52)]-url opened
18-07-2022---12:07:57.500 INFO [main][commonMethods.SeleniumSpecificMethods.validate_PageTitle(SeleniumSpecificMethods.java:54)]-page title validated
18-07-2022---12:07:58.597 INFO [main][commonMethods.SeleniumSpecificMethods.click(SeleniumSpecificMethods.java:128)]-clicked on the link Selenium Example Page
18-07-2022---12:18:37.146 INFO [main][hooks.Hooks.openBrowserAndUrl(Hooks.java:48)]-Invoking the browser
18-07-2022---12:18:46.049 INFO [main][hooks.Hooks.openBrowserAndUrl(Hooks.java:52)]-url opened
18-07-2022---12:18:46.106 INFO [main][commonMethods.SeleniumSpecificMethods.validate_PageTitle(SeleniumSpecificMethods.java:54)]-page title validated
18-07-2022---12:18:46.862 INFO [main][commonMethods.SeleniumSpecificMethods.click(SeleniumSpecificMethods.java:128)]-clicked on the link Selenium Example Page
18-07-2022---12:18:47.266 INFO [main][hooks.Hooks.openBrowserAndUrl(Hooks.java:48)]-Invoking the browser
18-07-2022---12:18:50.482 INFO [main][hooks.Hooks.openBrowserAndUrl(Hooks.java:52)]-url opened
18-07-2022---12:18:50.500 INFO [main][commonMethods.SeleniumSpecificMethods.validate_PageTitle(SeleniumSpecificMethods.java:54)]-page title validated
18-07-2022---12:18:50.818 INFO [main][commonMethods.SeleniumSpecificMethods.click(SeleniumSpecificMethods.java:128)]-clicked on the link Selenium Example Page
18-07-2022---12:18:51.195 INFO [main][hooks.Hooks.openBrowserAndUrl(Hooks.java:48)]-Invoking the browser
18-07-2022---12:18:53.661 INFO [main][hooks.Hooks.openBrowserAndUrl(Hooks.java:52)]-url opened
18-07-2022---12:18:53.685 INFO [main][commonMethods.SeleniumSpecificMethods.validate_PageTitle(SeleniumSpecificMethods.java:54)]-page title validated
18-07-2022---12:18:54.618 INFO [main][commonMethods.SeleniumSpecificMethods.click(SeleniumSpecificMethods.java:128)]-clicked on the link Selenium Example Page
18-07-2022---12:25:41.417 INFO [main][hooks.Hooks.openBrowserAndUrl(Hooks.java:48)]-Invoking the browser
18-07-2022---12:25:47.133 INFO [main][hooks.Hooks.openBrowserAndUrl(Hooks.java:52)]-url opened
18-07-2022---12:25:47.204 INFO [main][commonMethods.SeleniumSpecificMethods.validate_PageTitle(SeleniumSpecificMethods.java:54)]-page title validated
18-07-2022---12:25:48.130 INFO [main][commonMethods.SeleniumSpecificMethods.click(SeleniumSpecificMethods.java:128)]-clicked on the link Selenium Example Page
18-07-2022---12:25:48.784 INFO [main][hooks.Hooks.openBrowserAndUrl(Hooks.java:48)]-Invoking the browser
18-07-2022---12:25:52.831 INFO [main][hooks.Hooks.openBrowserAndUrl(Hooks.java:52)]-url opened
18-07-2022---12:25:52.855 INFO [main][commonMethods.SeleniumSpecificMethods.validate_PageTitle(SeleniumSpecificMethods.java:54)]-page title validated
18-07-2022---12:25:53.137 INFO [main][commonMethods.SeleniumSpecificMethods.click(SeleniumSpecificMethods.java:128)]-clicked on the link Selenium Example Page
18-07-2022---12:25:53.595 INFO [main][hooks.Hooks.openBrowserAndUrl(Hooks.java:48)]-Invoking the browser
18-07-2022---12:25:57.260 INFO [main][hooks.Hooks.openBrowserAndUrl(Hooks.java:52)]-url opened
18-07-2022---12:25:57.280 INFO [main][commonMethods.SeleniumSpecificMethods.validate_PageTitle(SeleniumSpecificMethods.java:54)]-page title validated
18-07-2022---12:25:57.599 INFO [main][commonMethods.SeleniumSpecificMethods.click(SeleniumSpecificMethods.java:128)]-clicked on the link Selenium Example Page
18-07-2022---12:34:02.584 INFO [main][hooks.Hooks.openBrowserAndUrl(Hooks.java:48)]-Invoking the browser
18-07-2022---12:34:09.666 INFO [main][hooks.Hooks.openBrowserAndUrl(Hooks.java:52)]-url opened
18-07-2022---12:34:09.724 INFO [main][commonMethods.SeleniumSpecificMethods.validate_PageTitle(SeleniumSpecificMethods.java:54)]-page title validated
18-07-2022---12:34:10.337 INFO [main][commonMethods.SeleniumSpecificMethods.click(SeleniumSpecificMethods.java:128)]-clicked on the link Selenium Example Page
18-07-2022---12:34:10.783 INFO [main][hooks.Hooks.openBrowserAndUrl(Hooks.java:48)]-Invoking the browser
18-07-2022---12:34:15.389 INFO [main][hooks.Hooks.openBrowserAndUrl(Hooks.java:52)]-url opened
18-07-2022---12:34:15.411 INFO [main][commonMethods.SeleniumSpecificMethods.validate_PageTitle(SeleniumSpecificMethods.java:54)]-page title validated
18-07-2022---12:34:15.748 INFO [main][commonMethods.SeleniumSpecificMethods.click(SeleniumSpecificMethods.java:128)]-clicked on the link Selenium Example Page
18-07-2022---12:34:16.093 INFO [main][hooks.Hooks.openBrowserAndUrl(Hooks.java:48)]-Invoking the browser
18-07-2022---12:34:20.040 INFO [main][hooks.Hooks.openBrowserAndUrl(Hooks.java:52)]-url opened
18-07-2022---12:34:20.059 INFO [main][commonMethods.SeleniumSpecificMethods.validate_PageTitle(SeleniumSpecificMethods.java:54)]-page title validated
18-07-2022---12:34:20.327 INFO [main][commonMethods.SeleniumSpecificMethods.click(SeleniumSpecificMethods.java:128)]-clicked on the link Selenium Example Page
18-07-2022---13:27:05.702 INFO [main][hooks.Hooks.openBrowserAndUrl(Hooks.java:48)]-Invoking the browser
18-07-2022---13:28:08.944 INFO [main][hooks.Hooks.openBrowserAndUrl(Hooks.java:52)]-url opened
18-07-2022---13:28:09.017 INFO [main][commonMethods.SeleniumSpecificMethods.validate_PageTitle(SeleniumSpecificMethods.java:54)]-page title validated
18-07-2022---13:28:10.519 INFO [main][commonMethods.SeleniumSpecificMethods.click(SeleniumSpecificMethods.java:128)]-clicked on the link Selenium Example Page
18-07-2022---13:28:11.903 INFO [main][hooks.Hooks.openBrowserAndUrl(Hooks.java:48)]-Invoking the browser
18-07-2022---13:28:19.916 INFO [main][hooks.Hooks.openBrowserAndUrl(Hooks.java:52)]-url opened
18-07-2022---13:28:19.945 INFO [main][commonMethods.SeleniumSpecificMethods.validate_PageTitle(SeleniumSpecificMethods.java:54)]-page title validated
18-07-2022---13:28:20.310 INFO [main][commonMethods.SeleniumSpecificMethods.click(SeleniumSpecificMethods.java:128)]-clicked on the link Selenium Example Page
18-07-2022---13:28:20.791 INFO [main][hooks.Hooks.openBrowserAndUrl(Hooks.java:48)]-Invoking the browser
18-07-2022---13:28:28.038 INFO [main][hooks.Hooks.openBrowserAndUrl(Hooks.java:52)]-url opened
18-07-2022---13:28:28.071 INFO [main][commonMethods.SeleniumSpecificMethods.validate_PageTitle(SeleniumSpecificMethods.java:54)]-page title validated
18-07-2022---13:28:28.393 INFO [main][commonMethods.SeleniumSpecificMethods.click(SeleniumSpecificMethods.java:128)]-clicked on the link Selenium Example Page
